2025-07-04 16:02:58,326 - INFO - === AetherNet Model Release Script ===
2025-07-04 16:02:58,326 - INFO - PyTorch: 2.7.1+cu128, Device: cuda, Model: net_g_80000.pth
2025-07-04 16:02:58,326 - INFO - 
[1/4] Loading and analyzing checkpoint
2025-07-04 16:02:58,380 - INFO - QAT checkpoint detected based on state_dict keys.
2025-07-04 16:02:58,403 - INFO - Scale: 2x, QAT: True, Validation sample: 154.png
2025-07-04 16:02:58,403 - INFO - 
[2/4] Initializing base model
2025-07-04 16:02:58,450 - INFO - Detected Architecture: aether_tiny
2025-07-04 16:02:58,450 - INFO - Preparing model for QAT state dict...
2025-07-04 16:02:58,594 - INFO - Base model loaded successfully.
2025-07-04 16:02:58,594 - INFO - Validating base model...
2025-07-04 16:02:59,509 - INFO - 
[3/4] Converting models to different precisions
2025-07-04 16:02:59,509 - INFO - 
>> Creating FP32 model
2025-07-04 16:02:59,509 - INFO - Attempt 1/3
2025-07-04 16:02:59,591 - INFO - ✅ Created optimized FP32 model
2025-07-04 16:02:59,603 - INFO - Saved FP32 model to: /home/phips/Documents/GitHub/aethernet-train/neosr/experiments/2xaether_tiny_qat_finetune/models/release/net_g_80000_aether_tiny_fp32.pth
2025-07-04 16:02:59,603 - INFO - Attempt 1/3
2025-07-04 16:03:00,572 - INFO - ✅ Exported and validated FP32 ONNX model
2025-07-04 16:03:00,573 - INFO - 
>> Creating FP16 model
2025-07-04 16:03:00,573 - INFO - Attempt 1/3
2025-07-04 16:03:00,897 - INFO - ✅ Created stable FP16 model
2025-07-04 16:03:00,908 - INFO - Saved FP16 model to: /home/phips/Documents/GitHub/aethernet-train/neosr/experiments/2xaether_tiny_qat_finetune/models/release/net_g_80000_aether_tiny_fp16.pth
2025-07-04 16:03:00,908 - INFO - Attempt 1/3
2025-07-04 16:03:02,293 - INFO - ✅ Exported and validated FP16 ONNX model
2025-07-04 16:03:02,293 - INFO - 
>> Creating INT8 model
2025-07-04 16:03:02,293 - INFO - Attempt 1/3
2025-07-04 16:03:02,296 - INFO - Using quantization backend: fbgemm
2025-07-04 16:03:25,420 - INFO - ✅ Created INT8 model
2025-07-04 16:03:25,440 - INFO - Saved INT8 model to: /home/phips/Documents/GitHub/aethernet-train/neosr/experiments/2xaether_tiny_qat_finetune/models/release/net_g_80000_aether_tiny_int8.pth
2025-07-04 16:03:25,440 - INFO - Attempt 1/3
2025-07-04 16:03:38,264 - INFO - ✅ Exported and validated INT8 ONNX model
2025-07-04 16:03:38,265 - INFO - 
[4/4] Conversion complete.
2025-07-04 16:03:38,266 - INFO - Results saved to: /home/phips/Documents/GitHub/aethernet-train/neosr/experiments/2xaether_tiny_qat_finetune/models/release
