2025-07-22 07:41:37,957 - INFO - === AetherNet Model Release Script ===
2025-07-22 07:41:37,957 - INFO - PyTorch: 2.7.1+cu126, Device: cuda, Model: net_g_100000.pth
2025-07-22 07:41:37,957 - INFO - 
[1/4] Loading and analyzing checkpoint
2025-07-22 07:41:38,065 - INFO - Scale: 2x, QAT: False, Validation sample: 154.png
2025-07-22 07:41:38,065 - INFO - 
[2/4] Initializing base model
2025-07-22 07:41:38,132 - INFO - Detected Architecture: aether_medium
2025-07-22 07:41:38,143 - INFO - Base model loaded successfully.
2025-07-22 07:41:38,143 - INFO - Validating base model...
2025-07-22 07:41:39,607 - INFO - 
[3/4] Converting models to different precisions
2025-07-22 07:41:39,608 - INFO - 
>> Creating FP32 model
2025-07-22 07:41:39,608 - INFO - Attempt 1/3
2025-07-22 07:41:40,539 - INFO - ✅ Created optimized FP32 model
2025-07-22 07:41:40,574 - INFO - Saved FP32 model to: /home/phips/Documents/GitHub/aethernet-train/pretrains/2xaether_medium/release/net_g_100000_aether_medium_fp32.pth
2025-07-22 07:41:40,574 - INFO - Attempt 1/3
2025-07-22 07:41:42,470 - INFO - ✅ Exported and validated FP32 ONNX model
2025-07-22 07:41:42,471 - INFO - 
>> Creating FP16 model
2025-07-22 07:41:42,471 - INFO - Attempt 1/3
2025-07-22 07:41:43,398 - INFO - ✅ Created stable FP16 model
2025-07-22 07:41:43,432 - INFO - Saved FP16 model to: /home/phips/Documents/GitHub/aethernet-train/pretrains/2xaether_medium/release/net_g_100000_aether_medium_fp16.pth
2025-07-22 07:41:43,432 - INFO - Attempt 1/3
2025-07-22 07:41:45,115 - INFO - ✅ Exported and validated FP16 ONNX model
2025-07-22 07:41:45,115 - WARNING - 
Skipping INT8 conversion: The provided checkpoint is not from QAT.
2025-07-22 07:41:45,115 - INFO - 
[4/4] Conversion complete.
2025-07-22 07:41:45,115 - INFO - Results saved to: /home/phips/Documents/GitHub/aethernet-train/pretrains/2xaether_medium/release
